muse-settings/build/intermediates/manifest_merge_blame_file/release/manifest-merger-blame-release-report.txt
1<?xml version="1.0" encoding="utf-8"?>
2<manifest xmlns:android="http://schemas.android.com/apk/res/android"
3    package="com.muse.settings"
4    android:versionCode="1"
5    android:versionName="1.0.0" >
6
7    <uses-sdk
8        android:minSdkVersion="26"
9        android:targetSdkVersion="35" />
10
11    <uses-permission android:name="android.permission.WRITE_SETTINGS" />
11-->src/main/AndroidManifest.xml:4:5-73
11-->src/main/AndroidManifest.xml:4:22-70
12    <uses-permission android:name="android.permission.ACCESS_NETWORK_STATE" />
12-->src/main/AndroidManifest.xml:5:5-79
12-->src/main/AndroidManifest.xml:5:22-76
13    <uses-permission android:name="android.permission.BATTERY_STATS" />
13-->src/main/AndroidManifest.xml:6:5-72
13-->src/main/AndroidManifest.xml:6:22-69
14    <uses-permission android:name="android.permission.INTERNET" />
14-->src/main/AndroidManifest.xml:7:5-67
14-->src/main/AndroidManifest.xml:7:22-64
15    <uses-permission android:name="android.permission.BLUETOOTH" />
15-->src/main/AndroidManifest.xml:8:5-68
15-->src/main/AndroidManifest.xml:8:22-65
16    <uses-permission android:name="android.permission.BLUETOOTH_ADMIN" />
16-->src/main/AndroidManifest.xml:9:5-74
16-->src/main/AndroidManifest.xml:9:22-71
17    <uses-permission android:name="android.permission.ACCESS_WIFI_STATE" />
17-->src/main/AndroidManifest.xml:10:5-76
17-->src/main/AndroidManifest.xml:10:22-73
18    <uses-permission android:name="android.permission.CHANGE_WIFI_STATE" />
18-->src/main/AndroidManifest.xml:11:5-76
18-->src/main/AndroidManifest.xml:11:22-73
19
20    <permission
20-->[androidx.core:core:1.12.0] AndroidManifest.xml:22:5-24:47
21        android:name="com.muse.settings.DYNAMIC_RECEIVER_NOT_EXPORTED_PERMISSION"
21-->[androidx.core:core:1.12.0] AndroidManifest.xml:23:9-81
22        android:protectionLevel="signature" />
22-->[androidx.core:core:1.12.0] AndroidManifest.xml:24:9-44
23
24    <uses-permission android:name="com.muse.settings.DYNAMIC_RECEIVER_NOT_EXPORTED_PERMISSION" />
24-->[androidx.core:core:1.12.0] AndroidManifest.xml:26:5-97
24-->[androidx.core:core:1.12.0] AndroidManifest.xml:26:22-94
25
26    <application
26-->src/main/AndroidManifest.xml:13:5-27:19
27        android:allowBackup="true"
27-->src/main/AndroidManifest.xml:14:9-35
28        android:appComponentFactory="androidx.core.app.CoreComponentFactory"
28-->[androidx.core:core:1.12.0] AndroidManifest.xml:28:18-86
29        android:extractNativeLibs="false"
30        android:label="@string/app_name"
30-->src/main/AndroidManifest.xml:15:9-41
31        android:theme="@android:style/Theme.DeviceDefault.NoActionBar" >
31-->src/main/AndroidManifest.xml:16:9-71
32        <activity
32-->src/main/AndroidManifest.xml:18:9-26:20
33            android:name="com.muse.settings.MuseSettingsActivity"
33-->src/main/AndroidManifest.xml:19:13-49
34            android:exported="true"
34-->src/main/AndroidManifest.xml:20:13-36
35            android:label="@string/settings" >
35-->src/main/AndroidManifest.xml:21:13-45
36            <intent-filter>
36-->src/main/AndroidManifest.xml:22:13-25:29
37                <action android:name="android.settings.SETTINGS" />
37-->src/main/AndroidManifest.xml:23:17-68
37-->src/main/AndroidManifest.xml:23:25-65
38
39                <category android:name="android.intent.category.DEFAULT" />
39-->src/main/AndroidManifest.xml:24:17-76
39-->src/main/AndroidManifest.xml:24:27-73
40            </intent-filter>
41        </activity>
42
43        <provider
43-->[androidx.emoji2:emoji2:1.3.0] AndroidManifest.xml:24:9-32:20
44            android:name="androidx.startup.InitializationProvider"
44-->[androidx.emoji2:emoji2:1.3.0] AndroidManifest.xml:25:13-67
45            android:authorities="com.muse.settings.androidx-startup"
45-->[androidx.emoji2:emoji2:1.3.0] AndroidManifest.xml:26:13-68
46            android:exported="false" >
46-->[androidx.emoji2:emoji2:1.3.0] AndroidManifest.xml:27:13-37
47            <meta-data
47-->[androidx.emoji2:emoji2:1.3.0] AndroidManifest.xml:29:13-31:52
48                android:name="androidx.emoji2.text.EmojiCompatInitializer"
48-->[androidx.emoji2:emoji2:1.3.0] AndroidManifest.xml:30:17-75
49                android:value="androidx.startup" />
49-->[androidx.emoji2:emoji2:1.3.0] AndroidManifest.xml:31:17-49
50            <meta-data
50-->[androidx.lifecycle:lifecycle-process:2.7.0] AndroidManifest.xml:29:13-31:52
51                android:name="androidx.lifecycle.ProcessLifecycleInitializer"
51-->[androidx.lifecycle:lifecycle-process:2.7.0] AndroidManifest.xml:30:17-78
52                android:value="androidx.startup" />
52-->[androidx.lifecycle:lifecycle-process:2.7.0] AndroidManifest.xml:31:17-49
53            <meta-data
53-->[androidx.profileinstaller:profileinstaller:1.3.0] AndroidManifest.xml:29:13-31:52
54                android:name="androidx.profileinstaller.ProfileInstallerInitializer"
54-->[androidx.profileinstaller:profileinstaller:1.3.0] AndroidManifest.xml:30:17-85
55                android:value="androidx.startup" />
55-->[androidx.profileinstaller:profileinstaller:1.3.0] AndroidManifest.xml:31:17-49
56        </provider>
57
58        <receiver
58-->[androidx.profileinstaller:profileinstaller:1.3.0] AndroidManifest.xml:34:9-52:20
59            android:name="androidx.profileinstaller.ProfileInstallReceiver"
59-->[androidx.profileinstaller:profileinstaller:1.3.0] AndroidManifest.xml:35:13-76
60            android:directBootAware="false"
60-->[androidx.profileinstaller:profileinstaller:1.3.0] AndroidManifest.xml:36:13-44
61            android:enabled="true"
61-->[androidx.profileinstaller:profileinstaller:1.3.0] AndroidManifest.xml:37:13-35
62            android:exported="true"
62-->[androidx.profileinstaller:profileinstaller:1.3.0] AndroidManifest.xml:38:13-36
63            android:permission="android.permission.DUMP" >
63-->[androidx.profileinstaller:profileinstaller:1.3.0] AndroidManifest.xml:39:13-57
64            <intent-filter>
64-->[androidx.profileinstaller:profileinstaller:1.3.0] AndroidManifest.xml:40:13-42:29
65                <action android:name="androidx.profileinstaller.action.INSTALL_PROFILE" />
65-->[androidx.profileinstaller:profileinstaller:1.3.0] AndroidManifest.xml:41:17-91
65-->[androidx.profileinstaller:profileinstaller:1.3.0] AndroidManifest.xml:41:25-88
66            </intent-filter>
67            <intent-filter>
67-->[androidx.profileinstaller:profileinstaller:1.3.0] AndroidManifest.xml:43:13-45:29
68                <action android:name="androidx.profileinstaller.action.SKIP_FILE" />
68-->[androidx.profileinstaller:profileinstaller:1.3.0] AndroidManifest.xml:44:17-85
68-->[androidx.profileinstaller:profileinstaller:1.3.0] AndroidManifest.xml:44:25-82
69            </intent-filter>
70            <intent-filter>
70-->[androidx.profileinstaller:profileinstaller:1.3.0] AndroidManifest.xml:46:13-48:29
71                <action android:name="androidx.profileinstaller.action.SAVE_PROFILE" />
71-->[androidx.profileinstaller:profileinstaller:1.3.0] AndroidManifest.xml:47:17-88
71-->[androidx.profileinstaller:profileinstaller:1.3.0] AndroidManifest.xml:47:25-85
72            </intent-filter>
73            <intent-filter>
73-->[androidx.profileinstaller:profileinstaller:1.3.0] AndroidManifest.xml:49:13-51:29
74                <action android:name="androidx.profileinstaller.action.BENCHMARK_OPERATION" />
74-->[androidx.profileinstaller:profileinstaller:1.3.0] AndroidManifest.xml:50:17-95
74-->[androidx.profileinstaller:profileinstaller:1.3.0] AndroidManifest.xml:50:25-92
75            </intent-filter>
76        </receiver>
77    </application>
78
79</manifest>